<?xml version="1.0" encoding="UTF-8"?>
<robot generator="Robot 6.0.2 (Python 3.11.0 on win32)" generated="20230129 13:49:29.066" rpa="false" schemaversion="3">
<suite id="s1" name="11 API" source="C:\Users\vdi-student\PycharmProjects\Robot\11_API.robot">
<test id="s1-t1" name="GET_STATUS" line="7">
<kw name="GET" library="RequestsLibrary">
<var>${get_response}</var>
<arg>https://simple-books-api.glitch.me/status</arg>
<doc>Sends a GET request.</doc>
<msg timestamp="20230129 13:49:29.850" level="INFO">GET Request : url=https://simple-books-api.glitch.me/status 
 path_url=/status 
 headers={'User-Agent': 'python-requests/2.28.2', 'Accept-Encoding': 'gzip, deflate', 'Accept': '*/*', 'Connection': 'keep-alive'} 
 body=None 
 </msg>
<msg timestamp="20230129 13:49:29.850" level="INFO">GET Response : url=https://simple-books-api.glitch.me/status 
 status=200, reason=OK 
 headers={'Date': 'Sun, 29 Jan 2023 12:48:46 GMT', 'Content-Type': 'application/json; charset=utf-8', 'Content-Length': '15', 'Connection': 'keep-alive', 'x-powered-by': 'Express', 'etag': 'W/"f-v/Y1JusChTxrQUzPtNAKycooOTA"'} 
 body={"status":"OK"} 
 </msg>
<msg timestamp="20230129 13:49:29.850" level="INFO">${get_response} = &lt;Response [200]&gt;</msg>
<status status="PASS" starttime="20230129 13:49:29.246" endtime="20230129 13:49:29.850"/>
</kw>
<kw name="Log To Console" library="BuiltIn">
<arg>status ${get_response}</arg>
<doc>Logs the given message to the console.</doc>
<status status="PASS" starttime="20230129 13:49:29.850" endtime="20230129 13:49:29.850"/>
</kw>
<status status="PASS" starttime="20230129 13:49:29.246" endtime="20230129 13:49:29.850"/>
</test>
<test id="s1-t2" name="GET_BOOKS" line="10">
<kw name="GET" library="RequestsLibrary">
<var>${get_response}</var>
<arg>https://simple-books-api.glitch.me/books</arg>
<doc>Sends a GET request.</doc>
<msg timestamp="20230129 13:49:30.313" level="INFO">GET Request : url=https://simple-books-api.glitch.me/books 
 path_url=/books 
 headers={'User-Agent': 'python-requests/2.28.2', 'Accept-Encoding': 'gzip, deflate', 'Accept': '*/*', 'Connection': 'keep-alive'} 
 body=None 
 </msg>
<msg timestamp="20230129 13:49:30.313" level="INFO">GET Response : url=https://simple-books-api.glitch.me/books 
 status=200, reason=OK 
 headers={'Date': 'Sun, 29 Jan 2023 12:48:47 GMT', 'Content-Type': 'application/json; charset=utf-8', 'Content-Length': '417', 'Connection': 'keep-alive', 'x-powered-by': 'Express', 'etag': 'W/"1a1-MfqhfTYtZO2sguD1mJq8Vf41WjU"'} 
 body=[{"id":1,"name":"The Russian","type":"fiction","available":true},{"id":2,"name":"Just as I Am","type":"non-fiction","available":false},{"id":3,"name":"The Vanishing Half","type":"fiction","available":true},{"id":4,"name":"The Midnight Library","type":"fiction","available":true},{"id":5,"name":"Untamed","type":"non-fiction","available":true},{"id":6,"name":"Viscount Who Loved Me","type":"fiction","available":true}] 
 </msg>
<msg timestamp="20230129 13:49:30.313" level="INFO">${get_response} = &lt;Response [200]&gt;</msg>
<status status="PASS" starttime="20230129 13:49:29.855" endtime="20230129 13:49:30.313"/>
</kw>
<kw name="Log To Console" library="BuiltIn">
<arg>status ${get_response}</arg>
<doc>Logs the given message to the console.</doc>
<status status="PASS" starttime="20230129 13:49:30.313" endtime="20230129 13:49:30.318"/>
</kw>
<status status="PASS" starttime="20230129 13:49:29.855" endtime="20230129 13:49:30.318"/>
</test>
<test id="s1-t3" name="ORDER" line="17">
<kw name="Create Dictionary" library="BuiltIn">
<var>${headers}</var>
<arg>Content-Type=application/json</arg>
<arg>Authorization=Bearer ${token}</arg>
<doc>Creates and returns a dictionary based on the given ``items``.</doc>
<msg timestamp="20230129 13:49:30.318" level="INFO">${headers} = {'Content-Type': 'application/json', 'Authorization': 'Bearer 0b4c27d8aaf5f42b1c3d153ff30588546a6be847f31d0ff83ef2df30857fe3e0'}</msg>
<status status="PASS" starttime="20230129 13:49:30.318" endtime="20230129 13:49:30.318"/>
</kw>
<kw name="Create Dictionary" library="BuiltIn">
<var>${order_body}</var>
<arg>bookId=4</arg>
<arg>customerName=Kamil2</arg>
<doc>Creates and returns a dictionary based on the given ``items``.</doc>
<msg timestamp="20230129 13:49:30.318" level="INFO">${order_body} = {'bookId': '4', 'customerName': 'Kamil2'}</msg>
<status status="PASS" starttime="20230129 13:49:30.318" endtime="20230129 13:49:30.318"/>
</kw>
<kw name="POST" library="RequestsLibrary">
<var>${post_order_response}</var>
<arg>https://simple-books-api.glitch.me/orders</arg>
<arg>headers=${headers}</arg>
<arg>json=${order_body}</arg>
<doc>Sends a POST request.</doc>
<msg timestamp="20230129 13:49:31.293" level="INFO">POST Request : url=https://simple-books-api.glitch.me/orders 
 path_url=/orders 
 headers={'User-Agent': 'python-requests/2.28.2', 'Accept-Encoding': 'gzip, deflate', 'Accept': '*/*', 'Connection': 'keep-alive', 'Content-Type': 'application/json', 'Authorization': 'Bearer 0b4c27d8aaf5f42b1c3d153ff30588546a6be847f31d0ff83ef2df30857fe3e0', 'Content-Length': '41'} 
 body=b'{"bookId": "4", "customerName": "Kamil2"}' 
 </msg>
<msg timestamp="20230129 13:49:31.293" level="INFO">POST Response : url=https://simple-books-api.glitch.me/orders 
 status=201, reason=Created 
 headers={'Date': 'Sun, 29 Jan 2023 12:48:48 GMT', 'Content-Type': 'application/json; charset=utf-8', 'Content-Length': '50', 'Connection': 'keep-alive', 'x-powered-by': 'Express', 'etag': 'W/"32-nby5uaJSNM31GKKSj7FDVblViGg"'} 
 body={"created":true,"orderId":"9Op4NxSLbtHXRtvEvnopr"} 
 </msg>
<msg timestamp="20230129 13:49:31.293" level="INFO">${post_order_response} = &lt;Response [201]&gt;</msg>
<status status="PASS" starttime="20230129 13:49:30.323" endtime="20230129 13:49:31.293"/>
</kw>
<status status="PASS" starttime="20230129 13:49:30.318" endtime="20230129 13:49:31.293"/>
</test>
<status status="PASS" starttime="20230129 13:49:29.066" endtime="20230129 13:49:31.298"/>
</suite>
<statistics>
<total>
<stat pass="3" fail="0" skip="0">All Tests</stat>
</total>
<tag>
</tag>
<suite>
<stat pass="3" fail="0" skip="0" id="s1" name="11 API">11 API</stat>
</suite>
</statistics>
<errors>
</errors>
</robot>
